
> frontend@0.0.0 dev
> vite

error when starting dev server:
Error: Port 20001 is already in use
    at Server.onError$1 (file:///mnt/mpathj/yolan/files/Webradio/scripts/streaming-metadata-webradio/frontend/node_modules/vite/dist/node/chunks/dep-CMEinpL-.js:18721:28)
    at Server.emit (node:events:524:28)
    at emitErrorNT (node:net:1973:8)
    at process.processTicksAndRejections (node:internal/process/task_queues:90:21)

> frontend@0.0.0 dev
> vite


  VITE v7.1.2  ready in 334 ms

  ➜  Local:   http://localhost:20001/
  ➜  Network: http://185.203.56.50:20001/
  ➜  Network: http://100.80.0.1:20001/
  ➜  Network: http://10.8.0.1:20001/

> frontend@0.0.0 dev
> vite


  VITE v7.1.2  ready in 268 ms

  ➜  Local:   http://localhost:20001/
  ➜  Network: http://185.203.56.50:20001/
  ➜  Network: http://100.80.0.1:20001/
  ➜  Network: http://10.8.0.1:20001/
